
Initial statistics: 30 variables; iteration 0; function evaluation 0; phase 1
Function value 2.6965693e+05; maximum gradient component mag 1.5085e+04
Var    Value     Gradient |Var    Value     Gradient |Var    Value     Gradient
  1  0.38722  1.50851e+04 |  2  0.00000 -4.88727e+02 |  3  0.00000 -5.17550e+02
  4  0.00000 -4.94870e+02 |  5  0.00000 -4.02736e+02 |  6  0.00000 -3.47802e+02
  7  0.00000 -2.92558e+02 |  8  0.00000 -2.42379e+02 |  9  0.00000 -1.40793e+02
 10  0.00000  1.18069e+01 | 11  0.00000  9.24832e+01 | 12  0.00000  4.28623e+01
 13  0.00000  2.37056e+01 | 14  0.00000  4.43570e+01 | 15  0.00000  2.08676e+02
 16  0.00000  2.73289e+02 | 17  0.00000  2.08370e+02 | 18  0.00000  2.53080e+02
 19  0.00000  3.12943e+02 | 20  0.00000  2.57107e+02 | 21  0.00000  2.20111e+02
 22  0.00000  2.11989e+02 | 23  0.00000  2.58219e+02 | 24  0.00000  3.18853e+02
 25  0.00000  3.23669e+02 | 26  0.00000  2.49815e+02 | 27  0.00000  8.48109e+01
 28  0.00000 -2.99393e+01 | 29  0.00000 -1.60323e+02 | 30  0.00000 -2.78469e+02

Intermediate statistics: 30 variables; iteration 20; function evaluation 96; phase 1
Function value 5.1056301e+04; maximum gradient component mag -3.8235e+05
Var    Value     Gradient |Var    Value     Gradient |Var    Value     Gradient
  1 -0.44649 -3.82352e+05 |  2  1.18407  3.98166e+03 |  3  3.49464  8.17037e+03
  4  0.37153  6.36595e+03 |  5  0.06973  1.11856e+04 |  6  1.92743 -1.11499e+04
  7  3.14372  2.60293e+03 |  8  2.80255 -3.54968e+03 |  9  2.99717 -5.16312e+01
 10  2.82023 -3.24094e+03 | 11  4.26134  9.37184e+03 | 12  2.05487 -1.16703e+04
 13  0.69084  2.07823e+02 | 14  0.18717  1.06805e+04 | 15 -1.99452 -1.16421e+04
 16 -2.55195 -4.11933e+03 | 17 -1.91311 -1.15568e+04 | 18 -2.73988  2.52323e+03
 19 -2.89486  2.25241e+03 | 20 -2.57714 -1.97229e+03 | 21 -2.23989 -1.01681e+04
 22 -2.12877 -1.12160e+04 | 23 -2.73728  4.49159e+03 | 24 -2.68955  4.09282e+03
 25 -3.20850 -4.99888e+03 | 26 -2.55251 -2.19978e+03 | 27 -0.68076  5.59562e+03
 28  0.68318  8.94316e+02 | 29  1.80080 -1.08951e+04 | 30  2.66752 -5.80807e+03
Maximum number of function evaluations exceeded

 - final statistics:
30 variables; iteration 23; function evaluation 100
Function value 5.1042e+04; maximum gradient component mag 3.1968e+05
Exit code = 3;  converg criter 1.0000e+01
Var    Value     Gradient |Var    Value     Gradient |Var    Value     Gradient
  1 -0.44624  3.19677e+05 |  2  1.18479 -3.52572e+04 |  3  3.49253  1.98373e+02
  4  0.37573  1.68460e+04 |  5  0.04593  2.21837e+03 |  6  1.95408 -2.25854e+03
  7  3.14786  5.42712e+01 |  8  2.80218 -7.29934e+01 |  9  3.01244  4.50279e+00
 10  2.82607 -6.42163e+01 | 11  4.27270  9.38074e+03 | 12  2.04923 -7.12564e+02
 13  0.69353  1.37643e+04 | 14  0.16392  1.03354e+03 | 15 -2.01950 -4.52309e+02
 16 -2.55062 -4.71872e+03 | 17 -1.92070 -3.66718e+02 | 18 -2.74441 -2.22791e+03
 19 -2.88435 -1.39600e+02 | 20 -2.57808  8.33489e+02 | 21 -2.26275 -5.35800e+01
 22 -2.15302 -1.88213e+02 | 23 -2.74708  5.02199e+03 | 24 -2.67909  5.83024e+03
 25 -3.18842 -5.58110e+03 | 26 -2.53199  3.21247e+03 | 27 -0.69189  1.08509e+02
 28  0.71562 -3.23519e+03 | 29  1.80420 -1.60563e+02 | 30  2.65977 -1.20651e+02

Initial statistics: 37 variables; iteration 0; function evaluation 0; phase 2
Function value 8.6513253e+04; maximum gradient component mag -3.9706e+06
Var    Value     Gradient |Var    Value     Gradient |Var    Value     Gradient
  1 -0.44624 -3.97060e+06 |  2  0.55840 -8.30322e+05 |  3 -0.71968  2.42371e+04
  4  0.23941 -1.42097e+05 |  5 -0.07476  3.77378e+04 |  6 -0.07478  3.81853e+04
  7 -0.98727  1.13905e+03 |  8 -0.98727  1.13960e+03 |  9 -0.98727  1.13949e+03
 10 -0.98727  1.14001e+03 | 11  0.14521  2.43535e+04 | 12 -0.17174  5.49973e+04
 13  0.49105  3.91980e+04 | 14  0.04166  5.71870e+04 | 15 -0.10142  5.65582e+04
 16  0.38750  4.70440e+04 | 17 -0.20300  5.43837e+04 | 18  0.52210  3.91235e+04
 19  0.58431  3.48323e+04 | 20  0.40891  4.59110e+04 | 21  0.13589  5.60253e+04
 22  0.03108  5.72413e+04 | 23  0.52363  3.90239e+04 | 24  0.48159  4.17129e+04
 25  0.55676  3.67673e+04 | 26  0.37264  4.78340e+04 | 27 -0.98727  1.14375e+03
 28  0.50499  4.02420e+04 | 29  0.07240  5.69433e+04 | 30 -0.98727  1.14377e+03
 31 -0.28197  3.92403e+02 | 32 -0.29642 -3.71510e+04 | 33 -0.65633  1.78153e+04
 34 -0.28197  4.41802e+01 | 35 -0.29642 -5.62316e+02 | 36 -0.65633  3.49600e+02
 37 -0.27790 -7.09426e+03 |

Intermediate statistics: 37 variables; iteration 20; function evaluation 59; phase 2
Function value 4.8633330e+04; maximum gradient component mag -1.5347e+05
Var    Value     Gradient |Var    Value     Gradient |Var    Value     Gradient
  1 -0.55484 -1.53469e+05 |  2  0.62593 -4.62682e+03 |  3 -0.20135 -2.98872e+03
  4  2.13239  3.05257e+03 |  5  0.67662  2.92692e+03 |  6  2.35824  2.67323e+03
  7 -0.95783 -2.12977e+02 |  8 -0.95718 -2.16279e+02 |  9 -0.95993 -2.02318e+02
 10 -0.96191 -1.92162e+02 | 11  0.34966 -2.39124e+03 | 12  0.13369 -3.15901e+03
 13  0.83440 -6.27212e+03 | 14 -0.76849 -1.14274e+03 | 15 -0.28111 -2.87438e+03
 16 -1.55650  2.44373e+03 | 17 -0.11260 -3.12636e+03 | 18  0.67914 -1.04718e+04
 19  1.04827  2.28956e+03 | 20 -0.03555 -3.21820e+03 | 21 -0.46890 -2.36012e+03
 22 -0.50705 -2.22997e+03 | 23  0.63053 -3.50811e+03 | 24  0.92028 -1.03276e+03
 25  0.05539 -3.12942e+03 | 26 -1.10974  5.51741e+02 | 27 -0.95916 -2.06280e+02
 28 -0.57190 -1.98979e+03 | 29 -0.57666 -1.97119e+03 | 30 -0.95918 -2.06186e+02
 31 -0.44167 -1.44233e+04 | 32 -1.22702 -4.95555e+03 | 33  1.16207  3.85903e+02
 34  0.02554 -5.03989e+03 | 35  0.23789 -1.34039e+04 | 36  0.61091  1.09514e+03
 37  0.18610  6.48500e+04 |
Maximum number of function evaluations exceeded

 - final statistics:
37 variables; iteration 37; function evaluation 100
Function value 4.1049e+04; maximum gradient component mag -2.7488e+05
Exit code = 3;  converg criter 1.0000e+01
Var    Value     Gradient |Var    Value     Gradient |Var    Value     Gradient
  1 -0.54224 -2.74882e+05 |  2  0.56147 -1.29001e+03 |  3  0.69112  4.60140e+02
  4  2.22588 -3.19388e+03 |  5  0.89955  1.44790e+03 |  6  2.69402 -1.54752e+03
  7 -0.95455  2.37886e+02 |  8 -0.98109  9.90523e+01 |  9 -0.96293  1.94108e+02
 10 -0.94458  2.90110e+02 | 11  0.35538  3.34087e+03 | 12  0.68192 -1.31838e+03
 13  0.79965 -2.94902e+03 | 14 -0.85708  7.42647e+02 | 15 -1.08205 -4.28549e+02
 16 -2.15320 -2.94742e+03 | 17  0.91235 -3.58010e+03 | 18  0.71562 -6.00602e+03
 19  1.08739  3.20701e+03 | 20  0.12977  2.92728e+03 | 21 -0.36545  2.83449e+03
 22 -1.48792 -2.33148e+03 | 23  0.57415 -2.76661e+03 | 24  1.12847  3.04420e+03
 25  0.82582 -2.81773e+03 | 26 -0.20814  3.21460e+03 | 27 -1.06844 -3.57820e+02
 28 -1.42719 -2.08683e+03 | 29 -1.31533 -1.59290e+03 | 30 -1.02656 -1.39065e+02
 31 -0.44367 -1.28071e+04 | 32 -1.15082 -3.61344e+03 | 33  1.24995  4.36551e+02
 34  0.26872 -4.10989e+03 | 35  0.13330 -1.53012e+04 | 36  0.95642  1.99908e+02
 37  0.17141  3.93071e+04 |

Initial statistics: 38 variables; iteration 0; function evaluation 0; phase 3
Function value 4.1968622e+04; maximum gradient component mag -6.0811e+05
Var    Value     Gradient |Var    Value     Gradient |Var    Value     Gradient
  1 -0.54224 -6.08111e+05 |  2  0.61157  1.98737e+03 |  3  0.76418  1.91436e+03
  4 -0.19386  1.03381e+04 |  5  0.98727  2.22554e+02 |  6 -0.63385  5.86561e+03
  7 -0.79757  3.36762e+03 |  8 -0.80190  3.29781e+03 |  9 -0.79931  3.33966e+03
 10 -0.79506  3.40841e+03 | 11  0.39176  7.99952e+03 | 12  0.75244 -2.52003e+03
 13  0.96479 -1.19467e+03 | 14 -0.75579  4.03123e+03 | 15 -0.78617  3.54951e+03
 16  0.18460  9.25005e+03 | 17  0.98727 -1.10101e+03 | 18  0.79674 -1.18624e+04
 19  0.98727 -1.03920e+03 | 20  0.16087  9.27158e+03 | 21 -0.32999  9.37972e+03
 22 -0.46982  7.98509e+03 | 23  0.62569 -3.26915e+03 | 24  0.98727 -4.45904e+02
 25  0.98727 -2.70186e+02 | 26 -0.17641  1.04092e+04 | 27 -0.79110  3.47144e+03
 28 -0.52620  7.31119e+03 | 29 -0.62588  5.98462e+03 | 30 -0.80101  3.31216e+03
 31 -0.44367 -6.50614e+02 | 32 -0.84918  3.19052e+03 | 33  0.75005  4.88031e+02
 34  0.26872 -4.25099e+03 | 35  0.13330 -1.81380e+04 | 36  0.95642  2.27295e+02
 37  0.17141  3.62500e+04 | 38 -0.56814 -3.33715e+04 |

Intermediate statistics: 38 variables; iteration 20; function evaluation 36; phase 3
Function value 2.6437840e+04; maximum gradient component mag 4.7082e+04
Var    Value     Gradient |Var    Value     Gradient |Var    Value     Gradient
  1 -0.47571  4.70823e+04 |  2  1.34775 -1.74197e+03 |  3  0.41591  8.09600e+02
  4  0.06212 -1.86179e+02 |  5  0.51282  2.52814e+03 |  6 -0.33028 -3.20861e+02
  7 -0.59695 -2.42420e+02 |  8 -0.60451 -2.39505e+02 |  9 -0.60065 -2.39019e+02
 10 -0.59523 -2.35980e+02 | 11 -0.39478 -2.44643e+02 | 12  0.07787 -2.53323e+02
 13  0.53292  7.58779e+03 | 14 -0.52258 -2.70549e+02 | 15 -0.57598 -2.51091e+02
 16  0.64226  1.89923e+03 | 17  0.46326  6.47304e+01 | 18  0.15878 -2.22929e+02
 19  0.85142 -1.26321e+03 | 20  0.33115 -1.09245e+03 | 21 -0.00072 -4.03696e+02
 22 -0.12638 -3.58441e+02 | 23  1.66749  5.81928e+02 | 24  1.26075 -8.65925e+02
 25  1.15302 -7.23563e+02 | 26  0.11235 -2.59659e+02 | 27 -0.58470 -2.48685e+02
 28 -0.18643 -3.35955e+02 | 29 -0.31879 -3.26843e+02 | 30 -0.60312 -2.40360e+02
 31 -0.19276 -1.34820e+03 | 32 -0.75670  2.99696e+03 | 33  0.00451 -1.52575e+02
 34  1.18637  3.89751e+02 | 35  0.17295 -1.44519e+04 | 36  0.89207  1.76551e+02
 37 -0.06980  5.92075e+02 | 38 -0.53462 -3.12020e+03 |
38 variables; iteration 40; function evaluation 68; phase 3
Function value 2.5731107e+04; maximum gradient component mag -2.1414e+04
Var    Value     Gradient |Var    Value     Gradient |Var    Value     Gradient
  1 -0.48090 -2.14145e+04 |  2  1.24425  3.45722e+02 |  3  0.44586  3.63017e+02
  4 -0.09197  5.71539e+02 |  5  0.37323  9.89637e+02 |  6 -0.38282  4.37503e+02
  7 -0.55474  3.26655e+02 |  8 -0.49650  3.65871e+02 |  9 -0.62073  2.82714e+02
 10 -0.52522  3.60122e+02 | 11 -0.46244  4.30494e+02 | 12  0.12598  5.76967e+02
 13  0.51920  5.60049e+02 | 14 -0.47729  3.77436e+02 | 15 -0.69032  2.30539e+02
 16  0.60435 -7.75053e+02 | 17  0.53443 -5.27282e+02 | 18  0.12469  5.17110e+02
 19  0.84582 -1.92628e+03 | 20  0.32359 -4.63953e+02 | 21 -0.02433  5.08020e+02
 22 -0.39976  4.22037e+02 | 23  1.62956  9.95868e+01 | 24  1.22837 -9.91204e+02
 25  1.28941 -9.36049e+02 | 26  0.48638  6.73194e+02 | 27 -0.57151  3.14527e+02
 28 -0.52092  3.48539e+02 | 29 -0.39071  4.31272e+02 | 30 -0.29318  4.84847e+02
 31 -0.20949 -3.71732e+03 | 32 -0.83615  2.50751e+03 | 33  0.02666 -1.57331e+03
 34  1.02571  2.10270e+01 | 35  0.18261 -5.86867e+03 | 36  0.68359  1.96954e+01
 37 -0.06903 -1.74584e+03 | 38 -0.52503 -6.32754e+02 |
38 variables; iteration 60; function evaluation 98; phase 3
Function value 2.4728237e+04; maximum gradient component mag 4.5275e+04
Var    Value     Gradient |Var    Value     Gradient |Var    Value     Gradient
  1 -0.47952  4.52751e+04 |  2  1.13625 -3.90957e+02 |  3  0.24498 -5.33711e+02
  4  0.31371 -2.77425e+02 |  5 -0.14525 -7.79728e+02 |  6 -0.77445 -3.10938e+02
  7 -0.41193 -6.82171e+02 |  8 -0.51205 -6.04017e+02 |  9 -0.85971 -1.96451e+02
 10 -0.40467 -6.54542e+02 | 11 -0.15648 -5.67259e+02 | 12  0.15465  3.17303e+02
 13  0.48002  2.91162e+03 | 14 -0.08831 -6.96783e+02 | 15 -0.60345 -5.13725e+02
 16  0.55988  2.99742e+03 | 17  0.63661  1.91554e+03 | 18 -0.22364 -7.72003e+02
 19  0.62864  1.79184e+03 | 20  0.26931 -3.91195e+02 | 21  0.62659  4.12515e+02
 22 -1.50817  6.22859e+02 | 23  1.39483 -1.18220e+02 | 24  1.60801  4.86267e+02
 25  0.94597 -2.43324e+02 | 26 -0.15095 -8.01224e+02 | 27 -0.22405 -7.82742e+02
 28 -0.07519 -8.04328e+02 | 29 -0.61974 -4.97740e+02 | 30 -0.91074 -1.26089e+02
 31 -0.15011 -1.19745e+03 | 32 -1.04231 -5.01054e+02 | 33 -0.01640 -1.87319e+02
 34  1.01999  4.64235e+00 | 35  0.20617  7.92965e+03 | 36  0.69055 -1.04609e+02
 37  0.01436 -2.15971e+03 | 38 -0.44561  3.00831e+03 |
Maximum number of function evaluations exceeded

 - final statistics:
38 variables; iteration 61; function evaluation 100
Function value 2.4606e+04; maximum gradient component mag 4.5275e+04
Exit code = 3;  converg criter 1.0000e+00
Var    Value     Gradient |Var    Value     Gradient |Var    Value     Gradient
  1 -0.47731  4.52751e+04 |  2  1.14208 -3.90957e+02 |  3  0.23388 -5.33711e+02
  4  0.26094 -2.77425e+02 |  5 -0.15674 -7.79728e+02 |  6 -0.73369 -3.10938e+02
  7 -0.40844 -6.82171e+02 |  8 -0.45688 -6.04017e+02 |  9 -0.80326 -1.96451e+02
 10 -0.44668 -6.54542e+02 | 11 -0.20281 -5.67259e+02 | 12  0.15288  3.17303e+02
 13  0.47253  2.91162e+03 | 14 -0.09125 -6.96783e+02 | 15 -0.63478 -5.13725e+02
 16  0.55679  2.99742e+03 | 17  0.62139  1.91554e+03 | 18 -0.27828 -7.72003e+02
 19  0.61411  1.79184e+03 | 20  0.26618 -3.91195e+02 | 21  0.62657  4.12515e+02
 22 -1.55278  6.22859e+02 | 23  1.42788 -1.18220e+02 | 24  1.60275  4.86267e+02
 25  0.98189 -2.43324e+02 | 26 -0.12644 -8.01224e+02 | 27 -0.23124 -7.82742e+02
 28 -0.02804 -8.04328e+02 | 29 -0.51007 -4.97740e+02 | 30 -0.83596 -1.26089e+02
 31 -0.14712 -1.19745e+03 | 32 -1.03274 -5.01054e+02 | 33 -0.01053 -1.87319e+02
 34  1.06572  4.64235e+00 | 35  0.19946  7.92965e+03 | 36  0.58228 -1.04609e+02
 37  0.00556 -2.15971e+03 | 38 -0.45489  3.00831e+03 |

Initial statistics: 41 variables; iteration 0; function evaluation 0; phase 4
Function value 2.4606009e+04; maximum gradient component mag 3.8005e+04
Var    Value     Gradient |Var    Value     Gradient |Var    Value     Gradient
  1 -0.47731  3.80052e+04 |  2  0.85689  8.76263e+01 |  3  0.23364 -5.22649e+02
  4  0.26069 -4.04874e+02 |  5 -0.15698 -6.79141e+02 |  6 -0.73425 -3.19113e+02
  7 -0.40873 -5.98819e+02 |  8 -0.45718 -5.69303e+02 |  9 -0.80401 -2.39112e+02
 10 -0.44698 -5.49890e+02 | 11 -0.20305 -4.98883e+02 | 12  0.15264  2.39184e+02
 13  0.47222  2.43000e+01 | 14 -0.09148 -6.53527e+02 | 15 -0.63520 -4.22008e+02
 16  0.55643  2.31059e+03 | 17  0.62098  1.93726e+03 | 18 -0.27854 -6.57647e+02
 19  0.61371  3.23047e+03 | 20  0.26593 -1.11162e+02 | 21  0.62616  1.22507e+03
 22 -0.44752 -5.77332e+02 | 23  0.57175  2.38213e+02 | 24  0.39697 -3.74418e+02
 25  0.97512 -1.07625e+02 | 26 -0.12668 -7.00385e+02 | 27 -0.23149 -6.80831e+02
 28 -0.02827 -6.96119e+02 | 29 -0.51040 -5.33067e+02 | 30 -0.83686 -2.01051e+02
 31  0.11012 -3.69323e+04 | 32 -0.01929 -3.32785e+04 | 33 -0.01929 -2.01742e+04
 34 -0.14712 -1.26214e+03 | 35 -0.96726  3.86632e+02 | 36 -0.01053 -2.45240e+02
 37  0.93428 -9.51955e+00 | 38  0.19946  7.78275e+03 | 39  0.58228 -1.62430e+02
 40  0.00556 -2.85309e+03 | 41 -0.45489  3.25401e+03 |

Intermediate statistics: 41 variables; iteration 20; function evaluation 30; phase 4
Function value 1.2372368e+04; maximum gradient component mag -2.4759e+04
Var    Value     Gradient |Var    Value     Gradient |Var    Value     Gradient
  1 -0.37110  1.45607e+04 |  2  1.62844 -4.27115e+03 |  3  0.00579  6.14952e+02
  4  0.01426  6.26449e+02 |  5  0.06839  8.80905e+02 |  6 -0.24639  3.09526e+02
  7  0.03519  8.20105e+02 |  8  0.03287  6.48342e+02 |  9 -0.41448  2.51058e+02
 10 -0.14691  7.73557e+02 | 11 -0.28931  4.73039e+02 | 12  0.37540  2.97555e+03
 13 -0.36160  2.26443e+02 | 14  0.12807  7.34065e+02 | 15 -0.07391  4.03225e+02
 16  0.38963  2.32627e+03 | 17  0.31093  2.05797e+03 | 18  0.07532  5.46296e+02
 19  0.42293  5.27010e+02 | 20  0.00919  2.02825e+02 | 21  0.33870 -1.91378e+03
 22  0.12009 -3.01820e+02 | 23 -0.56174  1.43278e+02 | 24 -0.81635  5.93049e+01
 25  0.33957 -3.45066e+03 | 26  0.17016 -5.43522e+02 | 27  0.16100 -3.31561e+02
 28  0.08429  2.03127e+01 | 29  0.06674 -2.31200e+02 | 30 -0.49232  1.70716e+02
 31  0.40985 -1.15788e+04 | 32  0.10959 -2.47592e+04 | 33  0.22401 -9.05097e+03
 34  0.13686  2.92320e+02 | 35 -0.97884  1.14486e+02 | 36 -0.32427  9.82924e+02
 37  0.26098  2.70444e+02 | 38  0.46835 -2.65679e+03 | 39  1.11994  9.66874e+01
 40  0.48922 -1.73244e+03 | 41 -0.23366  4.12119e+03 |
41 variables; iteration 40; function evaluation 63; phase 4
Function value 9.2564057e+03; maximum gradient component mag 2.7119e+04
Var    Value     Gradient |Var    Value     Gradient |Var    Value     Gradient
  1 -0.39797  2.71191e+04 |  2  1.61610 -8.53549e+02 |  3 -0.09710  4.13501e+02
  4  0.23613  5.26505e+02 |  5 -0.22848  3.76819e+02 |  6  0.05023  6.38573e+02
  7 -0.23548  3.98083e+02 |  8  0.21552  9.76366e+02 |  9 -0.54384  2.34672e+02
 10 -0.11578  7.47979e+02 | 11 -0.97908  1.10502e+01 | 12  0.42482 -3.02187e+02
 13 -0.30956  3.31969e+02 | 14 -0.08403  3.96261e+02 | 15  0.43106  1.89968e+02
 16  0.44807  4.31497e+02 | 17  0.32953  6.61208e+02 | 18  0.06275  5.21949e+02
 19  0.37325  1.65763e+03 | 20 -0.96339  1.83870e+01 | 21  0.49208  3.21241e+03
 22  0.46195  2.56768e+03 | 23 -0.17159  4.05039e+02 | 24 -1.09381 -4.70392e+01
 25  0.43867  1.54801e+03 | 26  0.14045  6.30901e+02 | 27  0.29470  9.09905e+02
 28  0.01925  5.02545e+02 | 29  0.17651  6.18099e+02 | 30 -0.57651  2.11135e+02
 31  0.45549 -9.71726e+03 | 32  0.22846 -1.45389e+04 | 33  0.21661 -9.14388e+03
 34  0.18179 -8.63089e+02 | 35 -0.90017  5.28817e+02 | 36 -0.44562 -2.14315e+03
 37  0.14747  1.73264e+03 | 38  0.44104  3.83988e+03 | 39  0.90389 -2.06826e+02
 40  0.47190 -2.37199e+03 | 41 -0.19193  5.43191e+03 |
41 variables; iteration 60; function evaluation 92; phase 4
Function value 3.7176828e+03; maximum gradient component mag 1.5049e+03
Var    Value     Gradient |Var    Value     Gradient |Var    Value     Gradient
  1 -0.39052  3.79640e+02 |  2  1.84512  3.37409e+00 |  3  0.34124  2.46649e+02
  4  0.30296  3.49644e+02 |  5 -0.64828 -5.90214e+01 |  6  0.22270  3.18035e+02
  7 -0.36307 -6.43353e+01 |  8 -0.64265 -6.01438e+01 |  9 -1.65006  6.30990e+01
 10 -0.53925 -6.54844e+01 | 11 -1.26285  4.75006e+01 | 12  0.31083  6.47247e+01
 13 -0.43360 -6.86214e+01 | 14  0.40173 -5.34403e+01 | 15  0.25221  5.97672e+01
 16  0.35090  3.09655e+01 | 17  0.08724 -4.35842e+01 | 18  0.25255 -1.08915e+02
 19  0.29581 -2.02213e+01 | 20  0.39607 -8.21695e+01 | 21  0.14195 -2.34581e+01
 22  0.49237 -3.23520e+02 | 23 -0.41447 -6.92930e+01 | 24  0.12757  9.27293e+00
 25  0.25189  2.01945e+02 | 26 -0.00543  3.63830e+01 | 27 -0.09248  7.03203e+00
 28 -0.13622 -4.62945e+00 | 29 -0.05695  4.57768e+01 | 30 -0.31097 -6.30776e+01
 31  1.01968  1.69172e+02 | 32  0.69658 -2.36319e+02 | 33  0.70942  7.19562e+01
 34  0.07420  5.36058e+01 | 35 -1.22768 -1.05305e+02 | 36 -0.74154  3.68477e+02
 37  0.09646 -2.20466e+02 | 38  0.32201  1.50493e+03 | 39  1.37817 -1.24559e+02
 40  0.04798  2.40298e+02 | 41 -0.34815 -7.26090e+00 |
41 variables; iteration 80; function evaluation 112; phase 4
Function value 3.0442903e+03; maximum gradient component mag -1.7254e+03
Var    Value     Gradient |Var    Value     Gradient |Var    Value     Gradient
  1 -0.37895 -1.72543e+03 |  2  1.73910  7.68997e+01 |  3  0.27426  4.59322e+01
  4  0.15178  1.35006e+02 |  5 -0.09464  6.81604e+01 |  6 -0.07881  9.01300e+01
  7 -0.30482  1.41644e+01 |  8 -1.16097  1.18218e+01 |  9 -1.82792 -7.06709e+01
 10 -0.41781  6.18162e+00 | 11 -0.34670  2.92124e+01 | 12  0.31139  3.46934e+02
 13 -0.52824 -1.42847e+01 | 14  0.33695  1.45133e+02 | 15  0.09255  1.09175e+02
 16 -0.00418  7.92393e+01 | 17  0.39109  1.02562e+02 | 18  0.19351  4.01149e+01
 19  0.16211  1.70166e+01 | 20  0.13694 -7.34314e+00 | 21  0.19093  2.36280e+01
 22  0.50315 -3.02225e+02 | 23  0.00692  3.61324e+01 | 24 -0.12577  2.98064e+01
 25  0.15670  1.42967e+02 | 26 -0.09842  7.09926e+01 | 27 -0.12925  7.55967e+01
 28 -0.10930  1.01707e+02 | 29 -0.13492  9.17282e+01 | 30  0.03454  6.43707e+01
 31  1.00015  1.29492e+00 | 32  0.69209  6.66410e+01 | 33  1.02940  5.76112e+01
 34  0.33074  6.42125e+00 | 35 -0.92245  1.09445e+01 | 36 -0.88558  1.39156e+02
 37  0.53156 -4.81228e+01 | 38  0.18291 -4.24169e+02 | 39  1.88189 -1.19968e+01
 40 -0.26543 -1.48261e+02 | 41 -0.57397  1.78645e+02 |
41 variables; iteration 100; function evaluation 132; phase 4
Function value 2.9343113e+03; maximum gradient component mag -1.4800e+03
Var    Value     Gradient |Var    Value     Gradient |Var    Value     Gradient
  1 -0.36630 -1.47997e+03 |  2  1.68587  7.12627e+01 |  3  0.12164  2.25028e+01
  4  0.01270  3.02747e+01 |  5 -0.08968  3.27652e+01 |  6 -0.18052  1.36197e+01
  7 -0.15114  2.81964e+01 |  8 -1.84179 -1.69721e+01 |  9 -1.85366 -2.95670e+01
 10 -0.15265  3.85690e+01 | 11 -0.18143  2.30848e+01 | 12  0.20003 -8.29558e+01
 13 -0.52795 -3.56447e+01 | 14  0.34311 -3.15372e+00 | 15 -0.15965  5.44145e-01
 16 -0.13072  6.97392e+00 | 17  0.28841  9.98316e+00 | 18  0.31582  3.20813e+01
 19  0.00561  3.13137e+01 | 20  0.18920  1.68838e+00 | 21  0.07724  4.03488e+01
 22  0.44883  2.66505e+01 | 23  0.18557  2.35407e+01 | 24  0.01717  2.63825e+01
 25 -0.05556  3.62417e+01 | 26 -0.10936  4.61806e+01 | 27 -0.10920  7.53554e+01
 28 -0.19529  3.75864e+01 | 29 -0.20918  3.62310e+01 | 30  0.06694  3.82824e+01
 31  0.99986 -1.23315e+00 | 32  0.64172 -6.12409e+01 | 33  1.00478  7.76043e+00
 34  0.49363  6.78791e-01 | 35 -0.98006  5.69547e-01 | 36 -0.98482  1.57329e+01
 37  0.66990 -2.52706e+01 | 38  0.19100  1.51606e+02 | 39  1.74851 -2.84363e-01
 40 -0.28485 -8.24090e+01 | 41 -0.61106  5.91967e+01 |
41 variables; iteration 120; function evaluation 152; phase 4
Function value 2.9225697e+03; maximum gradient component mag 1.4047e+02
Var    Value     Gradient |Var    Value     Gradient |Var    Value     Gradient
  1 -0.36593  1.40471e+02 |  2  1.67014 -2.94224e+01 |  3  0.09405  1.26365e+01
  4 -0.05213 -1.21220e+01 |  5 -0.08799  3.46884e+00 |  6 -0.13894 -1.52721e+00
  7 -0.15146  1.59909e+00 |  8 -1.85750  3.62536e+00 |  9 -1.81929  9.69532e+00
 10 -0.20883 -7.18563e+00 | 11 -0.20004 -3.89917e+00 | 12  0.22342  3.63079e+01
 13 -0.48227 -6.37705e+01 | 14  0.32889  2.32339e+01 | 15  0.01199 -3.57628e+00
 16 -0.13403 -3.35385e+01 | 17  0.26932 -2.72814e+01 | 18  0.31383  1.61633e+01
 19 -0.01100 -3.96347e+00 | 20  0.22911  1.18080e+01 | 21  0.04761  1.91636e+00
 22  0.43617  3.42866e+01 | 23  0.21225 -2.31298e+00 | 24  0.02678 -5.97617e+00
 25 -0.03119  9.48015e+00 | 26 -0.12848 -6.45780e-01 | 27 -0.16247  4.45218e+00
 28 -0.19470  5.45681e-01 | 29 -0.23096 -1.08209e+01 | 30  0.04069 -7.00620e+00
 31  1.00412  3.83854e+01 | 32  0.64637 -1.35464e+01 | 33  0.98308 -2.95726e+01
 34  0.49734  3.04442e-01 | 35 -0.88520  3.55068e+00 | 36 -0.99317  4.59889e+00
 37  0.81192 -7.05117e+00 | 38  0.18834 -2.50404e+01 | 39  1.70724 -2.93985e-01
 40 -0.28591  1.68510e+01 | 41 -0.61923 -4.78010e+01 |
41 variables; iteration 140; function evaluation 172; phase 4
Function value 2.9140244e+03; maximum gradient component mag -1.0705e+02
Var    Value     Gradient |Var    Value     Gradient |Var    Value     Gradient
  1 -0.36767 -2.01372e+01 |  2  1.64239 -7.19938e+01 |  3  0.03050  6.14236e+00
  4 -0.06839 -1.05533e+01 |  5 -0.09649  3.19391e+00 |  6 -0.14341 -6.08610e-03
  7 -0.15717  1.93140e+00 |  8 -1.83139  9.97506e+00 |  9 -1.86624 -1.45250e+01
 10 -0.17565  9.02910e+00 | 11 -0.17569  4.67146e+00 | 12  0.21430 -1.13598e+01
 13 -0.29060 -4.41584e+01 | 14  0.33258  2.20033e+01 | 15  0.04140  1.43161e+01
 16 -0.13098 -2.39217e+01 | 17  0.27797 -3.63941e+00 | 18  0.32207  2.29912e+01
 19 -0.04526 -7.10720e+00 | 20  0.22425 -1.89056e+00 | 21  0.04437  7.56109e+00
 22  0.44951  3.85218e+01 | 23  0.19497  8.78159e+00 | 24  0.06827  1.24195e+01
 25 -0.11250 -1.02353e+01 | 26 -0.12825  7.32331e+00 | 27 -0.19985 -4.52423e+00
 28 -0.20167  5.76313e+00 | 29 -0.24227 -6.74823e+00 | 30 -0.01553 -8.08430e+00
 31  0.99726 -2.56781e+01 | 32  0.64879  2.62702e+00 | 33  0.99250 -1.19935e+01
 34  0.44511  2.02236e-01 | 35 -1.07366 -3.53182e+00 | 36 -0.95889  1.91300e+01
 37  0.90816 -2.29974e+00 | 38  0.18683 -1.07053e+02 | 39  1.70275  1.92272e+00
 40 -0.27858  5.39242e+01 | 41 -0.60809 -1.65355e+01 |
41 variables; iteration 160; function evaluation 192; phase 4
Function value 2.9082435e+03; maximum gradient component mag 3.7745e+02
Var    Value     Gradient |Var    Value     Gradient |Var    Value     Gradient
  1 -0.36947  3.77451e+02 |  2  1.64242 -2.48850e+01 |  3  0.01457 -8.62645e+00
  4 -0.03036 -1.10373e+01 |  5 -0.08870 -2.30566e+00 |  6 -0.14063 -6.90648e+00
  7 -0.15439 -4.53930e+00 |  8 -1.84772  1.21946e+01 |  9 -1.83604  6.91997e+00
 10 -0.19681 -4.56186e+00 | 11 -0.20868 -8.12573e+00 | 12  0.23448  3.13524e+01
 13 -0.15134 -2.57769e+01 | 14  0.32431  2.78318e+01 | 15 -0.03243 -7.44472e+00
 16 -0.16557 -3.45235e+01 | 17  0.36298  5.76649e+01 | 18  0.18320  7.94866e+00
 19 -0.06729 -2.13905e+01 | 20  0.28406  2.96226e+01 | 21 -0.01838 -7.50139e+00
 22  0.46170  7.73730e+01 | 23  0.12531 -4.87921e+00 | 24  0.09031  6.13239e+00
 25 -0.09601 -1.43720e+01 | 26 -0.11932  2.14793e+00 | 27 -0.16960 -4.01985e-01
 28 -0.20221 -4.54032e+00 | 29 -0.20640 -9.23311e-01 | 30  0.01137 -1.15350e+01
 31  0.99921 -7.41922e+00 | 32  0.64559 -2.40580e+01 | 33  0.99605 -6.58107e+00
 34  0.48219  3.39310e-02 | 35 -1.07256 -2.27794e+00 | 36 -0.99004  3.67456e+00
 37  0.99658 -5.58968e-02 | 38  0.18842 -3.43164e+01 | 39  1.68278 -5.69978e-01
 40 -0.27880  6.50561e+00 | 41 -0.60823  1.91786e+00 |
41 variables; iteration 180; function evaluation 212; phase 4
Function value 2.9061845e+03; maximum gradient component mag -5.9342e+02
Var    Value     Gradient |Var    Value     Gradient |Var    Value     Gradient
  1 -0.36586 -5.93422e+02 |  2  1.65640 -2.81726e+01 |  3  0.00758  5.27503e+00
  4 -0.02351  6.40789e+00 |  5 -0.10345  9.05366e+00 |  6 -0.16188  1.43245e+00
  7 -0.15820  1.00268e+01 |  8 -1.83030  2.71033e+00 |  9 -1.83710 -9.22151e+00
 10 -0.18899  1.41055e+01 | 11 -0.19303  1.18553e+01 | 12  0.22220  1.34424e+01
 13 -0.13646 -6.67232e+00 | 14  0.31879 -9.56789e+00 | 15 -0.00515  9.09413e+00
 16 -0.14984 -1.83909e+01 | 17  0.32023 -2.59408e+01 | 18  0.25342  2.85675e+00
 19 -0.05584 -3.30490e+00 | 20  0.26161  6.18388e+00 | 21 -0.09510 -1.15143e+01
 22  0.44249 -9.98661e+00 | 23  0.18472 -1.57142e+00 | 24  0.05105  1.02197e+01
 25 -0.05217  1.57990e+01 | 26 -0.11771  1.98249e+01 | 27 -0.17369  1.47231e+01
 28 -0.19988  1.38052e+01 | 29 -0.21394  1.27758e+01 | 30  0.03138  8.21413e+00
 31  0.99966 -3.18234e+00 | 32  0.64346  3.98090e+00 | 33  1.00657  1.06613e+01
 34  0.50242  3.03763e-01 | 35 -1.11045 -3.48140e+00 | 36 -0.99046  6.40815e+00
 37  1.03141  9.00809e-01 | 38  0.18939  5.13378e+01 | 39  1.66695 -2.55312e+00
 40 -0.28269  3.74307e+00 | 41 -0.61303 -4.86458e+00 |
41 variables; iteration 200; function evaluation 232; phase 4
Function value 2.9043349e+03; maximum gradient component mag -4.7212e+02
Var    Value     Gradient |Var    Value     Gradient |Var    Value     Gradient
  1 -0.36300 -4.72116e+02 |  2  1.67886 -5.04084e+00 |  3  0.05786  9.88725e+00
  4 -0.01402  7.93187e+00 |  5 -0.09307  1.31264e+01 |  6 -0.15178  4.19309e+00
  7 -0.15558  9.49094e+00 |  8 -1.82654  7.17242e+00 |  9 -1.82073  1.22934e+00
 10 -0.19227  7.17076e+00 | 11 -0.18858  7.14280e+00 | 12  0.20928 -5.92108e+00
 13 -0.11083 -2.71289e+00 | 14  0.31769  3.62260e+00 | 15  0.00760  6.30325e+00
 16 -0.13688 -2.20776e+01 | 17  0.28260 -2.41795e+01 | 18  0.29180  7.03545e+00
 19 -0.08090 -1.18327e+01 | 20  0.23612  4.04814e-01 | 21 -0.05197 -8.71575e+00
 22  0.43542  7.25281e+00 | 23  0.18241 -2.76449e-01 | 24  0.05169  7.80665e+00
 25 -0.08238  2.01363e+00 | 26 -0.13910  7.15383e+00 | 27 -0.18714  5.89893e+00
 28 -0.20475  9.29258e+00 | 29 -0.22412  5.69062e+00 | 30  0.03688  3.91734e+00
 31  1.00002  1.50745e-01 | 32  0.64356 -2.18811e+00 | 33  1.00330  5.40386e+00
 34  0.54714  2.39317e-01 | 35 -0.99476  1.22795e-01 | 36 -1.01419 -8.74714e+00
 37  1.03552  9.14599e-01 | 38  0.18942  2.52796e+01 | 39  1.66691 -2.60760e+00
 40 -0.28243  5.78492e+00 | 41 -0.61206 -3.02683e+00 |
41 variables; iteration 220; function evaluation 252; phase 4
Function value 2.9034047e+03; maximum gradient component mag -5.6334e+02
Var    Value     Gradient |Var    Value     Gradient |Var    Value     Gradient
  1 -0.36192 -5.63338e+02 |  2  1.67921 -4.69429e+00 |  3  0.03463  4.92007e+00
  4 -0.01483  6.85157e+00 |  5 -0.10536  8.39195e+00 |  6 -0.14710  7.03665e+00
  7 -0.15778  9.47692e+00 |  8 -1.82290  7.66359e+00 |  9 -1.82236  2.27664e-01
 10 -0.18486  9.13679e+00 | 11 -0.17186  1.11636e+01 | 12  0.20180 -2.03207e+01
 13 -0.10638 -7.76277e-01 | 14  0.31455  2.85853e+00 | 15 -0.01068  4.57172e+00
 16 -0.10013 -1.26251e+01 | 17  0.29580 -2.12353e+01 | 18  0.26930  4.82947e+00
 19 -0.12478 -1.99008e+01 | 20  0.25022  1.30765e+00 | 21 -0.04967 -8.19148e+00
 22  0.41543 -9.81686e+00 | 23  0.23018 -4.39040e+00 | 24  0.02775  5.58366e+00
 25 -0.06734  8.70318e+00 | 26 -0.13374  1.06509e+01 | 27 -0.18021  9.91634e+00
 28 -0.20331  1.06381e+01 | 29 -0.22078  7.69027e+00 | 30  0.03616  4.50886e+00
 31  1.00065  6.03542e+00 | 32  0.64310  4.99091e+00 | 33  1.00051  8.09067e-01
 34  0.55163  3.75511e-01 | 35 -0.91247  2.80907e+00 | 36 -1.00863 -6.94328e+00
 37  1.06835  1.33287e+00 | 38  0.18834 -6.47386e+00 | 39  1.69044  2.33484e+00
 40 -0.28331  2.23927e+01 | 41 -0.61429 -1.64114e+01 |
41 variables; iteration 240; function evaluation 272; phase 4
Function value 2.9024751e+03; maximum gradient component mag -2.5567e+02
Var    Value     Gradient |Var    Value     Gradient |Var    Value     Gradient
  1 -0.36216 -2.55673e+02 |  2  1.68426 -9.18939e+00 |  3  0.05573  7.53888e+00
  4  0.00191  1.10853e+01 |  5 -0.10981  3.89958e+00 |  6 -0.14642  4.03921e+00
  7 -0.16323  3.67609e+00 |  8 -1.83529  6.71971e+00 |  9 -1.80957  8.52034e+00
 10 -0.19204  3.58783e+00 | 11 -0.18803  3.49470e+00 | 12  0.20639 -8.19699e+00
 13 -0.10873 -6.04083e+00 | 14  0.31103  1.16609e+01 | 15 -0.00572  3.53524e+00
 16 -0.08181 -1.14260e+01 | 17  0.30954 -4.15992e+00 | 18  0.24651  1.00347e+01
 19 -0.12636 -2.46328e+01 | 20  0.26477  8.60638e+00 | 21 -0.04134 -1.16983e+01
 22  0.39234  5.99494e+00 | 23  0.28325  3.28318e+00 | 24 -0.00521 -2.20781e+00
 25 -0.09315 -3.93537e+00 | 26 -0.14092  2.69318e+00 | 27 -0.18455  2.82361e+00
 28 -0.20477  5.01560e+00 | 29 -0.22111  2.54852e+00 | 30  0.04220  4.33394e-01
 31  1.00044  4.06676e+00 | 32  0.64143 -2.18759e+00 | 33  1.00437  6.97269e+00
 34  0.52265  3.45991e-01 | 35 -0.99200  1.77562e-01 | 36 -0.99830  1.26474e+00
 37  1.06481  1.43586e+00 | 38  0.18866  3.24200e+00 | 39  1.68119  3.18788e-01
 40 -0.28538  1.87548e+01 | 41 -0.61780 -2.68875e+01 |
41 variables; iteration 260; function evaluation 292; phase 4
Function value 2.9018783e+03; maximum gradient component mag -2.8160e+02
Var    Value     Gradient |Var    Value     Gradient |Var    Value     Gradient
  1 -0.36129 -2.81600e+02 |  2  1.68655 -1.93496e+01 |  3  0.05078  8.24919e+00
  4 -0.01168  8.35819e+00 |  5 -0.10215  8.90076e+00 |  6 -0.16057  5.08717e-02
  7 -0.16389  6.48292e+00 |  8 -1.83483  3.24168e+00 |  9 -1.81558  2.40774e+00
 10 -0.20420  2.94132e+00 | 11 -0.20602  1.08592e+00 | 12  0.20924  1.44545e+01
 13 -0.10927 -5.42230e+00 | 14  0.30600  1.15677e+01 | 15 -0.00359  4.54318e+00
 16 -0.04882 -2.22166e+00 | 17  0.30614 -3.42289e+00 | 18  0.24319  1.21687e+01
 19 -0.10600 -1.99450e+01 | 20  0.27011 -3.14785e+00 | 21 -0.04553 -1.56891e+01
 22  0.35683 -3.07695e+01 | 23  0.32272 -7.42687e+00 | 24 -0.00746 -4.58569e-01
 25 -0.11301 -9.13539e+00 | 26 -0.13972  3.57052e+00 | 27 -0.17887  5.53215e+00
 28 -0.20476  5.12928e+00 | 29 -0.21953  3.27904e+00 | 30  0.05375  2.73256e+00
 31  0.99973 -2.51886e+00 | 32  0.64034  6.87524e-01 | 33  1.00071  1.10746e+00
 34  0.52194  4.35493e-01 | 35 -0.96365  1.06904e+00 | 36 -0.99780  1.87646e+00
 37  1.05681  1.13451e+00 | 38  0.18831 -8.40880e+00 | 39  1.68140  6.93461e-01
 40 -0.28662  1.22311e+01 | 41 -0.61822 -1.45284e+01 |
41 variables; iteration 280; function evaluation 312; phase 4
Function value 2.9005413e+03; maximum gradient component mag -5.5127e+02
Var    Value     Gradient |Var    Value     Gradient |Var    Value     Gradient
  1 -0.36088 -5.51272e+02 |  2  1.68891  9.67675e+00 |  3  0.06170  6.61318e+00
  4 -0.03542  4.57765e-02 |  5 -0.10668  7.52301e+00 |  6 -0.14363  8.96082e+00
  7 -0.16120  8.92776e+00 |  8 -1.82826  4.89079e+00 |  9 -1.81591  1.79946e+00
 10 -0.19215  7.90725e+00 | 11 -0.18787  7.70900e+00 | 12  0.20450 -8.70486e+00
 13 -0.09788  2.92286e-01 | 14  0.30548 -2.27291e+00 | 15 -0.02733  1.70252e+00
 16 -0.05320  1.00323e+00 | 17  0.32323 -1.43751e+01 | 18  0.20091 -1.18354e-01
 19 -0.03720 -4.42088e+00 | 20  0.26750 -3.27949e+00 | 21 -0.05893 -1.25483e+01
 22  0.37655 -8.63287e+00 | 23  0.29820  2.47596e+00 | 24 -0.00176  3.23319e+00
 25 -0.12190 -8.58429e+00 | 26 -0.14406  5.50348e+00 | 27 -0.19126  3.95854e+00
 28 -0.20844  7.61046e+00 | 29 -0.22126  6.80928e+00 | 30  0.05438  6.22450e+00
 31  1.00092  8.48684e+00 | 32  0.64050  4.80415e+00 | 33  0.99870 -2.00915e+00
 34  0.53583  4.93589e-01 | 35 -0.90721  2.86277e+00 | 36 -1.00404 -3.79435e+00
 37  0.96932 -7.14091e-01 | 38  0.18902  3.66236e+00 | 39  1.67156 -2.05473e+00
 40 -0.28517  1.49883e+00 | 41 -0.61614 -3.85740e+00 |
41 variables; iteration 300; function evaluation 332; phase 4
Function value 2.8986065e+03; maximum gradient component mag -3.2690e+02
Var    Value     Gradient |Var    Value     Gradient |Var    Value     Gradient
  1 -0.35581 -3.26901e+02 |  2  1.71892  2.67437e+01 |  3  0.08704  3.36238e+00
  4 -0.06444 -1.06270e+01 |  5 -0.11472  3.57277e+00 |  6 -0.16233  9.76384e-01
  7 -0.17539  3.86479e+00 |  8 -1.84329 -3.43581e+00 |  9 -1.81422  7.91433e-01
 10 -0.20187  4.13415e+00 | 11 -0.20003  1.95316e+00 | 12  0.19406  1.42505e+00
 13 -0.07703  5.55264e+00 | 14  0.29264  3.13191e-01 | 15 -0.01672  8.15964e-01
 16 -0.04428 -1.70527e-01 | 17  0.30056 -7.97999e+00 | 18  0.21345  1.91741e+00
 19 -0.02839 -4.79338e+00 | 20  0.24181 -1.98535e+00 | 21  0.01074 -3.04617e+00
 22  0.36775 -4.11012e+00 | 23  0.27194  6.32671e-02 | 24  0.00050  3.91648e-01
 25 -0.08337  1.98302e+00 | 26 -0.14633  3.58092e+00 | 27 -0.19060  3.42151e+00
 28 -0.21275  4.57303e+00 | 29 -0.22415  4.06929e+00 | 30  0.06614  3.94809e+00
 31  0.99995 -4.80279e-01 | 32  0.64244  2.00361e+00 | 33  1.00111  1.74962e+00
 34  0.51486  5.37524e-01 | 35 -0.95886  1.25297e+00 | 36 -0.99112  8.45031e+00
 37  0.87615 -3.27674e+00 | 38  0.18896 -9.85513e+00 | 39  1.68894 -4.93341e-01
 40 -0.28482  7.48795e+00 | 41 -0.61572 -8.59466e+00 |
41 variables; iteration 320; function evaluation 353; phase 4
Function value 2.8980846e+03; maximum gradient component mag -2.4633e+02
Var    Value     Gradient |Var    Value     Gradient |Var    Value     Gradient
  1 -0.35557 -2.46334e+02 |  2  1.71084 -3.84999e-01 |  3  0.06196  3.28752e+00
  4 -0.06785 -1.15743e+01 |  5 -0.11778  1.82912e+00 |  6 -0.16031  1.39702e+00
  7 -0.17392  4.09912e+00 |  8 -1.83788 -2.88644e-01 |  9 -1.81583  1.05936e+00
 10 -0.20373  2.38009e+00 | 11 -0.20122  4.39419e-01 | 12  0.19320 -4.72319e-01
 13 -0.07994  3.20550e+00 | 14  0.29115 -3.28713e+00 | 15 -0.02274 -1.60025e+00
 16 -0.04547 -1.08829e+00 | 17  0.30801 -1.85702e+01 | 18  0.19137 -7.45165e+00
 19 -0.00506 -2.63949e+00 | 20  0.24096 -9.98076e+00 | 21  0.04393  7.65982e-01
 22  0.35744 -7.06583e+00 | 23  0.28262 -2.00910e-01 | 24 -0.00293 -5.46516e-01
 25 -0.07925  2.89826e+00 | 26 -0.14727  2.23006e+00 | 27 -0.18837  3.32988e+00
 28 -0.21469  2.41357e+00 | 29 -0.22282  3.44204e+00 | 30  0.06139  1.95838e+00
 31  1.00046  4.28887e+00 | 32  0.64151  5.33011e+00 | 33  1.00150  2.33323e+00
 34  0.54735  4.42335e-01 | 35 -1.04682 -1.43833e+00 | 36 -1.00369 -3.29795e+00
 37  0.97014 -6.13636e-01 | 38  0.18909  9.80697e+00 | 39  1.67361 -5.42772e-01
 40 -0.28492  4.91291e+00 | 41 -0.61557 -4.11311e+00 |
41 variables; iteration 340; function evaluation 373; phase 4
Function value 2.8977048e+03; maximum gradient component mag 3.2240e+01
Var    Value     Gradient |Var    Value     Gradient |Var    Value     Gradient
  1 -0.35432  3.22398e+01 |  2  1.71965  1.09701e+01 |  3  0.05835 -1.04074e+00
  4 -0.04065 -6.63133e+00 |  5 -0.12047 -6.25169e-01 |  6 -0.16192 -1.01824e+00
  7 -0.17992 -6.83338e-01 |  8 -1.83989  8.10884e-01 |  9 -1.81893  1.93344e+00
 10 -0.20391 -8.26039e-01 | 11 -0.19560 -9.81556e-01 | 12  0.18869 -7.75214e-01
 13 -0.08447 -5.92791e-01 | 14  0.28850  3.58971e+00 | 15 -0.01792 -1.70790e+00
 16 -0.03787 -2.51077e-01 | 17  0.30309  8.40540e+00 | 18  0.19410  4.13627e+00
 19  0.00238 -1.37890e-01 | 20  0.23664  4.67851e+00 | 21  0.03862 -3.56431e-01
 22  0.35882  9.14934e+00 | 23  0.27194  6.42690e+00 | 24  0.00288 -1.15118e+00
 25 -0.08298 -6.11239e-01 | 26 -0.14807 -1.82232e-01 | 27 -0.19153 -1.36203e-01
 28 -0.21596 -1.91555e-01 | 29 -0.22637 -3.92413e-01 | 30  0.06383 -8.62003e-01
 31  0.99994 -5.78064e-01 | 32  0.64251  2.84212e+00 | 33  1.00005  7.11557e-02
 34  0.54900  4.37010e-01 | 35 -1.00580 -1.24236e-01 | 36 -0.99826  1.55098e+00
 37  1.08421  1.73253e+00 | 38  0.18906  1.34862e+01 | 39  1.68368  1.33812e+00
 40 -0.28444 -2.04681e+00 | 41 -0.61473 -1.28115e+00 |
41 variables; iteration 360; function evaluation 393; phase 4
Function value 2.8976088e+03; maximum gradient component mag -4.1410e+02
Var    Value     Gradient |Var    Value     Gradient |Var    Value     Gradient
  1 -0.35403 -4.14102e+02 |  2  1.71909  3.50117e+00 |  3  0.04790  4.68910e+00
  4 -0.02811  4.59955e+00 |  5 -0.12304  5.76497e+00 |  6 -0.16274  5.73252e+00
  7 -0.18097  5.67707e+00 |  8 -1.83948 -5.68719e+00 |  9 -1.82100 -5.37331e+00
 10 -0.20352  5.70221e+00 | 11 -0.19433  5.63781e+00 | 12  0.18761 -4.07561e+00
 13 -0.08465  5.42140e+00 | 14  0.28768 -8.66699e+00 | 15 -0.01224  4.79273e+00
 16 -0.03682  5.27368e+00 | 17  0.29954 -1.50299e+01 | 18  0.19912 -3.19731e+00
 19  0.00570  3.99967e+00 | 20  0.23062 -8.89517e+00 | 21  0.03525  2.92257e+00
 22  0.36963 -3.39413e+01 | 23  0.25033 -1.79142e+01 | 24  0.01478  2.95338e+00
 25 -0.08140  4.86330e+00 | 26 -0.14911  5.71639e+00 | 27 -0.19319  6.02137e+00
 28 -0.21762  6.17818e+00 | 29 -0.22802  6.36680e+00 | 30  0.06461  6.49659e+00
 31  1.00002  1.70001e-01 | 32  0.64279  6.84545e+00 | 33  1.00006  8.54627e-02
 34  0.55669  4.25832e-01 | 35 -1.00444 -9.25083e-02 | 36 -0.99930  6.15585e-01
 37  1.01286  1.83267e-01 | 38  0.18923  1.76830e+00 | 39  1.67515 -1.60565e-01
 40 -0.28363  3.62235e+00 | 41 -0.61366  5.55288e-02 |
41 variables; iteration 380; function evaluation 413; phase 4
Function value 2.8975577e+03; maximum gradient component mag -1.3596e+01
Var    Value     Gradient |Var    Value     Gradient |Var    Value     Gradient
  1 -0.35400 -1.35964e+01 |  2  1.71921  1.63212e-01 |  3  0.04691  2.50978e-01
  4 -0.02697  5.11918e-02 |  5 -0.12352  1.72700e-01 |  6 -0.16309  1.48991e-01
  7 -0.18142  1.22273e-01 |  8 -1.83911 -2.72431e-01 |  9 -1.82089 -1.55076e-01
 10 -0.20396  1.56038e-01 | 11 -0.19462  1.53665e-01 | 12  0.18758  1.37576e-01
 13 -0.08438  1.77026e-01 | 14  0.28710 -2.47345e-01 | 15 -0.01287  1.66009e-01
 16 -0.03809  1.72723e-01 | 17  0.30216 -4.49511e-01 | 18  0.19253 -1.28673e-01
 19  0.00472  7.90367e-02 | 20  0.23454 -3.13911e-01 | 21  0.04062  5.49852e-02
 22  0.36012 -1.21734e+00 | 23  0.26665 -5.31918e-01 | 24  0.00847  3.56886e-02
 25 -0.08258  1.05256e-01 | 26 -0.14927  1.68125e-01 | 27 -0.19304  1.75595e-01
 28 -0.21744  1.95332e-01 | 29 -0.22770  1.66722e-01 | 30  0.06492  1.93498e-01
 31  1.00001  9.58774e-02 | 32  0.64223 -1.94950e-02 | 33  0.99999  1.21225e-02
 34  0.55690  4.14016e-01 | 35 -1.00097 -1.70628e-02 | 36 -0.99925  6.53918e-01
 37  1.00444  4.44311e-02 | 38  0.18919 -3.27450e-01 | 39  1.67468 -4.94059e-02
 40 -0.28413  2.21298e-01 | 41 -0.61427 -9.17471e-03 |
41 variables; iteration 400; function evaluation 438; phase 4
Function value 2.8967665e+03; maximum gradient component mag -4.6497e+01
Var    Value     Gradient |Var    Value     Gradient |Var    Value     Gradient
  1 -0.35343 -4.64965e+01 |  2  1.72638 -5.13059e+00 |  3  0.04746  1.91432e+00
  4 -0.02767  1.29069e+00 |  5 -0.12544  8.64226e-01 |  6 -0.16500  8.69463e-01
  7 -0.18310  8.78012e-01 |  8 -1.83813 -1.15412e+00 |  9 -1.82111 -1.00710e+00
 10 -0.20216  9.30358e-01 | 11 -0.19241  8.22875e-01 | 12  0.18542  3.68469e+00
 13 -0.08545  8.32241e-01 | 14  0.28560  4.39603e+00 | 15 -0.01395  1.02735e+00
 16 -0.03987  7.96101e-01 | 17  0.30306  3.99629e+00 | 18  0.18556  1.51758e+00
 19 -0.00009  4.30446e-01 | 20  0.23897 -3.40732e+00 | 21  0.07812 -8.10452e-02
 22  0.31778 -2.07969e+01 | 23  0.30802 -9.20923e+00 | 24 -0.00589 -1.08857e+00
 25 -0.08572  3.71475e-02 | 26 -0.14993  3.21816e-01 | 27 -0.19212  5.09909e-01
 28 -0.21670  6.11219e-01 | 29 -0.22615  7.93920e-01 | 30  0.06469  7.70697e-01
 31  1.00002  1.82206e-01 | 32  0.63774 -4.47386e+00 | 33  0.99970 -4.50100e-01
 34 -0.93412  2.80367e-01 | 35 -1.04488  3.83718e-02 | 36 -0.99358  2.08474e-01
 37  1.00814  1.16438e-01 | 38  0.18937 -1.55115e+01 | 39  1.67250 -1.30063e+00
 40 -0.28670  1.57795e+00 | 41 -0.61761 -3.65206e-01 |
41 variables; iteration 420; function evaluation 458; phase 4
Function value 2.8964960e+03; maximum gradient component mag 1.2099e+00
Var    Value     Gradient |Var    Value     Gradient |Var    Value     Gradient
  1 -0.35364  1.20990e+00 |  2  1.72538  5.52993e-03 |  3  0.04724 -1.72288e-02
  4 -0.02646 -1.67323e-02 |  5 -0.12416 -1.80995e-02 |  6 -0.16379 -1.67320e-02
  7 -0.18178 -1.69886e-02 |  8 -1.83930  1.95214e-02 |  9 -1.82266  1.90542e-02
 10 -0.20073 -1.68494e-02 | 11 -0.19096 -1.67867e-02 | 12  0.18596  7.87714e-03
 13 -0.08480 -1.65554e-02 | 14  0.28658  4.52449e-02 | 15 -0.01261 -1.40759e-02
 16 -0.03804 -1.68049e-02 | 17  0.30094  7.39267e-02 | 18  0.19196  1.85642e-02
 19  0.00361 -6.79720e-03 | 20  0.23395  2.66040e-02 | 21  0.04502 -7.45738e-03
 22  0.35194  9.00521e-02 | 23  0.27415  4.90815e-02 | 24  0.00769 -9.18566e-03
 25 -0.08254 -1.66365e-02 | 26 -0.14934 -1.84384e-02 | 27 -0.19297 -1.94896e-02
 28 -0.21737 -1.86036e-02 | 29 -0.22733 -1.89387e-02 | 30  0.06437 -2.03220e-02
 31  1.00000 -3.51721e-04 | 32  0.63939 -1.17909e-02 | 33  1.00001  1.34903e-02
 34 -1.01706 -6.78583e-04 | 35 -1.19777  4.69669e-03 | 36 -0.99969 -3.39763e-03
 37  0.99955  8.39674e-04 | 38  0.18947  3.67257e-02 | 39  1.67595  4.33798e-03
 40 -0.28532 -1.91830e-02 | 41 -0.61595  3.14663e-03 |
41 variables; iteration 440; function evaluation 518; phase 4
Function value 9.5805823e+02; maximum gradient component mag 1.2758e+04
Var    Value     Gradient |Var    Value     Gradient |Var    Value     Gradient
  1 -0.33156  1.27582e+04 |  2  1.88602 -3.95395e+02 |  3  0.04016  1.29969e+02
  4 -0.03704 -3.59635e+01 |  5 -0.10952 -1.04375e+02 |  6 -0.18326 -1.40395e+02
  7 -0.20815 -1.54615e+02 |  8 -1.90298  1.18047e+02 |  9 -1.94145  1.16284e+02
 10 -0.07691 -1.49882e+02 | 11 -0.12398 -1.66135e+02 | 12  0.19420  5.12815e+02
 13 -0.06057 -1.24429e+02 | 14  0.20623  2.05204e+02 | 15 -0.03869 -1.46976e+02
 16 -0.04517 -1.41566e+02 | 17  0.24262  3.44732e+02 | 18  0.10017 -2.77176e+01
 19 -0.05912 -1.54277e+02 | 20  0.22345  2.11973e+02 | 21 -0.04029 -1.65009e+02
 22  0.23594  1.85357e+02 | 23  0.25455  1.30435e+02 | 24  0.06141 -1.62048e+02
 25  0.00761 -1.96719e+02 | 26 -0.07283 -2.04489e+02 | 27 -0.10813 -2.10261e+02
 28 -0.16868 -2.18748e+02 | 29 -0.18680 -2.20154e+02 | 30 -0.01227 -2.00513e+02
 31  1.00388  2.01135e+00 | 32  0.69218 -3.99523e+02 | 33  0.80111 -8.11821e+02
 34 -1.73863  1.67432e+03 | 35 -3.79063 -9.82290e+02 | 36 -0.49053 -1.26477e+02
 37  0.93014 -1.15449e+00 | 38  0.19913  2.47010e+02 | 39  1.65938  2.37692e+01
 40 -0.20754 -7.16377e+02 | 41 -0.52999  1.45732e+02 |
41 variables; iteration 460; function evaluation 539; phase 4
Function value 6.4143078e+02; maximum gradient component mag 3.5950e+03
Var    Value     Gradient |Var    Value     Gradient |Var    Value     Gradient
  1 -0.33449  3.59503e+03 |  2  2.08444 -6.31788e+00 |  3 -0.06728 -3.68950e+00
  4  0.03255  6.84171e+01 |  5 -0.12223  8.10201e+00 |  6 -0.19197  2.44334e+00
  7 -0.20127 -1.12672e+00 |  8 -1.83926  1.39053e+01 |  9 -1.95507 -3.89395e+01
 10 -0.00676  2.61245e+01 | 11 -0.01138  9.08285e+00 | 12  0.18628  2.16547e+02
 13 -0.12126 -2.33439e+01 | 14  0.25552  2.06234e+02 | 15 -0.10089 -3.10642e+01
 16 -0.14084 -3.85067e+01 | 17  0.26069  7.02794e+01 | 18  0.07363 -1.72120e+01
 19 -0.09912 -3.43496e+01 | 20  0.23399  7.71259e+01 | 21  0.00768 -3.05447e+01
 22  0.18564 -3.21354e+01 | 23  0.25449 -5.10271e+01 | 24  0.00867 -4.16307e+01
 25  0.16693 -4.62222e+01 | 26 -0.05451 -3.76148e+01 | 27 -0.01014 -2.80956e+01
 28 -0.05489 -3.61475e+01 | 29 -0.07412 -3.93002e+01 | 30 -0.09345 -4.23911e+01
 31  1.08622 -1.84994e+02 | 32  0.71212 -2.54457e+01 | 33  1.04612  9.10715e+01
 34 -2.09211  1.00842e+02 | 35 -3.74040  2.44374e+02 | 36 -0.98371  9.16223e+01
 37  1.48211  3.94043e+01 | 38  0.19909 -3.42509e+02 | 39  1.84709 -1.97525e+01
 40 -0.22670  4.87525e+01 | 41 -0.54965 -3.97513e+01 |
41 variables; iteration 480; function evaluation 560; phase 4
Function value 5.2638304e+02; maximum gradient component mag 2.2245e+03
Var    Value     Gradient |Var    Value     Gradient |Var    Value     Gradient
  1 -0.36043  2.22451e+03 |  2  2.05933 -4.20888e+01 |  3 -0.02011  3.84526e+01
  4  0.06719  1.10273e+02 |  5 -0.11819  2.19398e+01 |  6 -0.24804 -6.37380e+00
  7 -0.27636 -1.35208e+01 |  8 -1.86431 -9.06619e-01 |  9 -1.89831  6.23259e+00
 10  0.03369  2.98513e+01 | 11  0.02610  7.40806e+00 | 12  0.23234  1.25232e+02
 13 -0.13295 -1.68235e+01 | 14  0.31881  1.58040e-01 | 15 -0.09596 -3.56089e+01
 16 -0.12529 -3.12672e+01 | 17  0.28069 -2.25506e+01 | 18  0.17011 -1.16145e+01
 19 -0.11431 -2.02194e+01 | 20  0.25621  1.38919e+01 | 21 -0.10220 -2.96985e+01
 22  0.21625 -3.69097e+01 | 23  0.27130 -7.10623e+00 | 24 -0.02762 -1.58425e+01
 25  0.29309  8.76592e-01 | 26 -0.12642 -2.46018e+01 | 27 -0.12789 -2.47519e+01
 28 -0.09548 -1.97054e+01 | 29 -0.08197 -1.74934e+01 | 30 -0.14057 -2.68543e+01
 31  1.36608  6.37854e+01 | 32  0.53128 -4.18066e+01 | 33  0.95913 -3.38548e+00
 34 -2.06494  9.56278e+01 | 35 -3.73080  1.92651e+02 | 36 -1.06776 -1.34948e+02
 37  1.37586 -2.50485e+00 | 38  0.21440  3.50414e+01 | 39  1.91266 -2.57977e+00
 40 -0.30339  3.67927e+01 | 41 -0.65158 -3.39458e+01 |
41 variables; iteration 500; function evaluation 583; phase 4
Function value 5.0088238e+02; maximum gradient component mag 1.4947e+03
Var    Value     Gradient |Var    Value     Gradient |Var    Value     Gradient
  1 -0.35975  1.49473e+03 |  2  2.22120  2.72577e+01 |  3 -0.01767  1.45016e+01
  4  0.09500  9.32895e+01 |  5 -0.16346 -6.59155e+00 |  6 -0.25475 -1.40791e+01
  7 -0.25996 -1.25520e+01 |  8 -1.80554  1.32582e+01 |  9 -1.94745 -2.40677e+01
 10 -0.04335  6.35712e+00 | 11  0.11064  2.04411e+01 | 12  0.18449 -1.41566e+01
 13 -0.11962 -2.01005e+01 | 14  0.30846  2.92198e+01 | 15  0.03878 -1.32825e+01
 16 -0.05377 -1.71455e+01 | 17  0.24968 -2.28469e+01 | 18  0.22471 -5.13839e+00
 19 -0.16844 -2.98360e+01 | 20  0.18565  3.37563e+00 | 21  0.19875  7.15280e+00
 22  0.12049  1.06941e+01 | 23  0.28941  2.73793e+01 | 24 -0.10064 -2.28534e+01
 25  0.28273 -6.96692e+00 | 26 -0.11895 -2.25946e+01 | 27 -0.11950 -2.21677e+01
 28 -0.13359 -2.44099e+01 | 29 -0.10654 -2.01200e+01 | 30 -0.14125 -2.55971e+01
 31  1.35283  2.81592e+01 | 32  0.52559 -5.02265e+01 | 33  0.93497  2.31027e+00
 34 -2.27823  2.86331e+01 | 35 -3.85550 -6.48579e+01 | 36 -1.22633  3.16679e+01
 37  1.50973  1.69612e+01 | 38  0.21641 -1.42271e+02 | 39  2.08412  2.42260e+00
 40 -0.30477 -9.10967e+00 | 41 -0.65249 -3.04924e+00 |
41 variables; iteration 520; function evaluation 603; phase 4
Function value 4.9679120e+02; maximum gradient component mag -3.8082e+02
Var    Value     Gradient |Var    Value     Gradient |Var    Value     Gradient
  1 -0.35887 -3.80818e+02 |  2  2.20122  9.64350e+00 |  3 -0.04530 -1.30769e+01
  4  0.10449 -2.80435e+01 |  5 -0.17482 -3.11976e+00 |  6 -0.25168  1.12903e+00
  7 -0.26935 -1.99929e-01 |  8 -1.82118  1.10429e+00 |  9 -1.93019  3.76469e+00
 10 -0.03932  2.29167e+00 | 11  0.10143  3.37491e+00 | 12  0.18781 -8.61052e+00
 13 -0.12336  3.14967e+00 | 14  0.31397 -5.47122e+00 | 15 -0.01491 -4.95108e-01
 16 -0.07505  2.03221e+00 | 17  0.25940  4.71663e+00 | 18  0.21472 -1.44761e+00
 19 -0.07274  3.71696e+00 | 20  0.14857 -3.31324e-01 | 21  0.24194  1.65747e+00
 22 -0.00148  1.15772e+01 | 23  0.29980  8.36177e+00 | 24 -0.07828  3.49076e+00
 25  0.27143  3.05603e+00 | 26 -0.10044  4.37546e+00 | 27 -0.10210  5.06962e+00
 28 -0.10346  4.84795e+00 | 29 -0.10886  3.94209e+00 | 30 -0.10524  4.54837e+00
 31  1.34472 -1.46094e+01 | 32  0.52910 -8.63337e-01 | 33  0.94705  5.74229e-01
 34 -2.37347 -1.37287e+01 | 35 -3.88138 -1.73025e+01 | 36 -1.30056  1.78043e+01
 37  1.40176  6.20707e+00 | 38  0.21267 -1.07562e+02 | 39  1.95459 -4.67076e+00
 40 -0.30447  9.04017e-01 | 41 -0.65189 -2.35460e+00 |
41 variables; iteration 540; function evaluation 623; phase 4
Function value 4.9607018e+02; maximum gradient component mag -2.0258e+02
Var    Value     Gradient |Var    Value     Gradient |Var    Value     Gradient
  1 -0.35857 -2.02582e+02 |  2  2.15741 -3.31737e+00 |  3 -0.02030 -5.56809e-01
  4  0.09060 -1.21956e+01 |  5 -0.15860  3.29760e-01 |  6 -0.25481  8.65844e-01
  7 -0.26795  1.09021e+00 |  8 -1.81861  6.20549e-01 |  9 -1.92939  4.00141e+00
 10 -0.03343  5.27660e-01 | 11  0.09557 -2.13416e+00 | 12  0.19243 -9.21614e+00
 13 -0.12784  2.00167e+00 | 14  0.30656 -1.47157e+01 | 15  0.03675  7.28707e-01
 16 -0.07822  2.28192e+00 | 17  0.25295 -2.84449e+00 | 18  0.22039  2.07999e+00
 19 -0.08545  3.12350e+00 | 20  0.14410  3.63488e+00 | 21  0.24625  2.12054e+00
 22 -0.04176  6.89915e+00 | 23  0.30069  2.65276e+00 | 24 -0.08261  2.95951e+00
 25  0.27113  2.89408e+00 | 26 -0.11088  2.73952e+00 | 27 -0.11144  3.56280e+00
 28 -0.11548  2.89706e+00 | 29 -0.11644  2.73739e+00 | 30 -0.11497  2.98203e+00
 31  1.34401 -3.06904e-01 | 32  0.52771 -4.48285e+00 | 33  0.94530  4.27936e-01
 34 -2.38043 -1.84187e+01 | 35 -3.88255  2.57555e+00 | 36 -1.30458  1.60753e+01
 37  1.37904 -1.50764e+00 | 38  0.21291  1.22635e+01 | 39  1.93777  2.28558e-01
 40 -0.30431 -3.83936e+00 | 41 -0.65156  8.55754e-01 |
41 variables; iteration 560; function evaluation 643; phase 4
Function value 4.9587640e+02; maximum gradient component mag -2.2890e+02
Var    Value     Gradient |Var    Value     Gradient |Var    Value     Gradient
  1 -0.35917 -2.28895e+02 |  2  2.16164 -2.23567e+00 |  3 -0.02412 -6.53035e-01
  4  0.09497 -8.03314e+00 |  5 -0.16224  5.25673e-01 |  6 -0.25257  1.86588e+00
  7 -0.26770  1.45588e+00 |  8 -1.81828  6.85041e-02 |  9 -1.93273  2.84528e+00
 10 -0.03725  1.58266e+00 | 11  0.09852  4.05563e+00 | 12  0.19444 -5.82429e+00
 13 -0.12040  3.00331e+00 | 14  0.30164 -1.86466e+01 | 15  0.06973  1.57283e+00
 16 -0.08370  2.04509e+00 | 17  0.24958 -1.18186e+01 | 18  0.22550 -5.42056e-01
 19 -0.08385  3.16575e+00 | 20  0.13732  2.08386e+00 | 21  0.25138  3.46058e+00
 22 -0.06899  4.39845e+00 | 23  0.30229  2.95012e+00 | 24 -0.08506  2.94632e+00
 25  0.27230  2.72038e+00 | 26 -0.11445  2.47887e+00 | 27 -0.11573  3.15683e+00
 28 -0.11106  3.94189e+00 | 29 -0.11875  2.66072e+00 | 30 -0.11310  3.60109e+00
 31  1.34728 -3.17553e+00 | 32  0.52637 -2.87085e+00 | 33  0.92205 -4.91393e-01
 34 -2.36952 -1.71900e+01 | 35 -3.88121  9.93462e+00 | 36 -1.30692  1.41420e+01
 37  1.41547  1.17132e+00 | 38  0.21336 -1.27390e+01 | 39  1.97421 -2.62214e-01
 40 -0.30263  2.47521e+00 | 41 -0.65041 -2.50162e-01 |
41 variables; iteration 580; function evaluation 664; phase 4
Function value 4.9523658e+02; maximum gradient component mag 2.9365e+02
Var    Value     Gradient |Var    Value     Gradient |Var    Value     Gradient
  1 -0.35848  2.93650e+02 |  2  2.13501  5.64150e-01 |  3 -0.07129 -1.02044e+01
  4  0.10317  1.22035e+01 |  5 -0.16893 -2.31652e+00 |  6 -0.25127 -1.33937e+00
  7 -0.26104 -6.37301e-01 |  8 -1.81158  5.39817e+00 |  9 -1.93394 -3.05564e+00
 10 -0.03003 -2.05842e+00 | 11  0.08895 -2.82512e-01 | 12  0.19705  9.88039e+00
 13 -0.11911 -2.75730e+00 | 14  0.30365  1.64011e+01 | 15  0.04518  9.99967e-01
 16 -0.07823 -2.41879e+00 | 17  0.25154  1.15167e+01 | 18  0.22199  9.23094e+00
 19 -0.08024 -2.56858e+00 | 20  0.14047  5.47051e+00 | 21  0.25097  7.52297e+00
 22 -0.08776 -6.09262e+00 | 23  0.30236  3.88264e+00 | 24 -0.07978 -4.56537e+00
 25  0.27020 -2.19981e+00 | 26 -0.10410 -4.41150e+00 | 27 -0.10945 -4.38409e+00
 28 -0.10956 -4.40566e+00 | 29 -0.10074 -2.94493e+00 | 30 -0.10463 -3.59040e+00
 31  1.34549  6.93850e+00 | 32  0.52892 -1.17869e+01 | 33  0.99866  3.48138e-02
 34 -2.33694 -2.46254e+00 | 35 -3.88245 -2.46277e+01 | 36 -1.34462  1.85813e+01
 37  1.38153  3.91504e-01 | 38  0.21312 -1.08706e+01 | 39  1.93554 -6.19369e-01
 40 -0.30693 -2.66026e+01 | 41 -0.65401  2.23241e+00 |
41 variables; iteration 600; function evaluation 684; phase 4
Function value 4.9339049e+02; maximum gradient component mag 2.4042e+02
Var    Value     Gradient |Var    Value     Gradient |Var    Value     Gradient
  1 -0.35702  2.40418e+02 |  2  2.16727  2.69639e+00 |  3 -0.01570  5.00225e+00
  4  0.08417  1.45977e+01 |  5 -0.15299  1.73165e+00 |  6 -0.25467 -7.56699e-01
  7 -0.26902 -9.49710e-01 |  8 -1.82204 -4.84093e-01 |  9 -1.91850 -3.57019e+00
 10 -0.02215  1.20133e+01 | 11  0.08127  1.47401e+01 | 12  0.19482  1.20350e+01
 13 -0.12230 -3.33643e+00 | 14  0.30185 -4.82104e+00 | 15  0.04144 -3.47137e+00
 16 -0.08284 -4.30000e+00 | 17  0.24796 -4.78862e+00 | 18  0.21886 -1.53662e+00
 19 -0.08420 -3.60377e+00 | 20  0.14019  1.25047e-01 | 21  0.24513 -2.94909e+00
 22 -0.06789 -4.01233e+00 | 23  0.29791 -2.30240e+00 | 24 -0.06909 -2.97043e+00
 25  0.26530 -2.35276e+00 | 26 -0.09852 -2.98207e+00 | 27 -0.10558 -3.17489e+00
 28 -0.10998 -3.92407e+00 | 29 -0.10675 -3.38988e+00 | 30 -0.10419 -2.96462e+00
 31  1.34937  3.77029e+00 | 32  0.52985 -2.95086e+00 | 33  1.06092  2.56256e+00
 34 -2.31635  1.63307e+00 | 35 -3.89133 -2.08517e+01 | 36 -1.49204  3.42770e+00
 37  1.36092  2.14081e+00 | 38  0.21233 -5.00787e+01 | 39  1.91816 -1.66635e+00
 40 -0.30352 -6.94285e+00 | 41 -0.65067  1.38770e+00 |
41 variables; iteration 620; function evaluation 704; phase 4
Function value 4.9327930e+02; maximum gradient component mag 5.8295e+00
Var    Value     Gradient |Var    Value     Gradient |Var    Value     Gradient
  1 -0.35673  5.82953e+00 |  2  2.16045  7.05314e-02 |  3 -0.02434  7.58132e-02
  4  0.08698  3.47954e-01 |  5 -0.15918  5.62712e-03 |  6 -0.25551 -5.08873e-02
  7 -0.26997 -5.10512e-02 |  8 -1.81792  5.43098e-02 |  9 -1.92359  2.57448e-02
 10 -0.03299  1.46602e-01 | 11  0.08550  3.58888e-01 | 12  0.19114  2.16218e-01
 13 -0.11919 -8.46578e-02 | 14  0.30281  2.85132e-02 | 15  0.02758 -9.86312e-02
 16 -0.07435 -1.02941e-01 | 17  0.24803 -1.89170e-01 | 18  0.21861 -1.26539e-01
 19 -0.07523 -9.18003e-02 | 20  0.13399 -1.57934e-02 | 21  0.24697  3.02761e-02
 22 -0.06238 -7.65134e-02 | 23  0.29666  6.06161e-02 | 24 -0.06857 -8.03912e-02
 25  0.26532 -8.02156e-02 | 26 -0.09873 -9.63021e-02 | 27 -0.10484 -1.33473e-01
 28 -0.10443 -8.69284e-02 | 29 -0.10428 -6.15399e-02 | 30 -0.10451 -9.93163e-02
 31  1.34926  1.72995e-01 | 32  0.53044 -6.86556e-02 | 33  1.04021 -3.17748e-02
 34 -2.31436  1.20119e-01 | 35 -3.89189 -8.32436e-01 | 36 -1.50843  1.00704e-01
 37  1.35417  1.37241e-01 | 38  0.21232 -2.09298e+00 | 39  1.91202 -7.60722e-02
 40 -0.30459  2.63284e-02 | 41 -0.65159 -2.93949e-02 |
  ic > imax  in fminim is answer attained ?
Var    Value     Gradient |Var    Value     Gradient |Var    Value     Gradient
  1 -0.35672 -2.87853e-04 |  2  2.16035  2.41210e-06 |  3 -0.02445 -1.19742e-05
  4  0.08702 -3.40102e-05 |  5 -0.15929 -4.40018e-06 |  6 -0.25551  8.86361e-07
  7 -0.27001  2.34316e-06 |  8 -1.81783  2.14042e-06 |  9 -1.92370  8.86043e-06
 10 -0.03307 -5.81315e-06 | 11  0.08546 -1.39647e-06 | 12  0.19114  2.08702e-06
 13 -0.11917  3.06132e-06 | 14  0.30274  8.04625e-06 | 15  0.02779  3.38322e-06
 16 -0.07433  1.59691e-06 | 17  0.24801 -4.41788e-06 | 18  0.21861  4.50001e-06
 19 -0.07516  3.28879e-06 | 20  0.13389  4.05969e-06 | 21  0.24699  8.73730e-06
 22 -0.06242  1.05892e-06 | 23  0.29664  2.51353e-06 | 24 -0.06861  3.09535e-06
 25  0.26533  2.35091e-06 | 26 -0.09869  1.27277e-06 | 27 -0.10458  2.43421e-06
 28 -0.10445  2.08374e-06 | 29 -0.10445  3.46426e-06 | 30 -0.10445  2.49974e-06
 31  1.34927 -1.13452e-05 | 32  0.53042  7.71711e-06 | 33  1.04053 -3.04942e-07
 34 -2.31439  7.48221e-07 | 35 -3.89191 -2.11024e-05 | 36 -1.50880 -5.36150e-07
 37  1.35343 -9.72437e-07 | 38  0.21231  1.49692e-05 | 39  1.91150  5.74131e-08
 40 -0.30457  6.54529e-06 | 41 -0.65156 -4.49190e-06 |
Function minimizer not making progress ... is minimum attained?
Minimprove criterion = 0.0000e+00

 - final statistics:
41 variables; iteration 633; function evaluation 746
Function value 4.9328e+02; maximum gradient component mag -2.8785e-04
Exit code = 1;  converg criter 1.0000e-04
Var    Value     Gradient |Var    Value     Gradient |Var    Value     Gradient
  1 -0.35672 -2.87853e-04 |  2  2.16035  2.41210e-06 |  3 -0.02445 -1.19742e-05
  4  0.08702 -3.40102e-05 |  5 -0.15929 -4.40018e-06 |  6 -0.25551  8.86361e-07
  7 -0.27001  2.34316e-06 |  8 -1.81783  2.14042e-06 |  9 -1.92370  8.86043e-06
 10 -0.03307 -5.81315e-06 | 11  0.08546 -1.39647e-06 | 12  0.19114  2.08702e-06
 13 -0.11917  3.06132e-06 | 14  0.30274  8.04625e-06 | 15  0.02779  3.38322e-06
 16 -0.07433  1.59691e-06 | 17  0.24801 -4.41788e-06 | 18  0.21861  4.50001e-06
 19 -0.07516  3.28879e-06 | 20  0.13389  4.05969e-06 | 21  0.24699  8.73730e-06
 22 -0.06242  1.05892e-06 | 23  0.29664  2.51353e-06 | 24 -0.06861  3.09535e-06
 25  0.26533  2.35091e-06 | 26 -0.09869  1.27277e-06 | 27 -0.10458  2.43421e-06
 28 -0.10445  2.08374e-06 | 29 -0.10445  3.46426e-06 | 30 -0.10445  2.49974e-06
 31  1.34927 -1.13452e-05 | 32  0.53042  7.71711e-06 | 33  1.04053 -3.04942e-07
 34 -2.31439  7.48221e-07 | 35 -3.89191 -2.11024e-05 | 36 -1.50880 -5.36150e-07
 37  1.35343 -9.72437e-07 | 38  0.21231  1.49692e-05 | 39  1.91150  5.74131e-08
 40 -0.30457  6.54529e-06 | 41 -0.65156 -4.49190e-06 |

Initial statistics: 46 variables; iteration 0; function evaluation 0; phase 5
Function value 4.9327924e+02; maximum gradient component mag -2.8785e-04
Var    Value     Gradient |Var    Value     Gradient |Var    Value     Gradient
  1 -0.35672 -2.87853e-04 |  2 -0.16035 -2.05943e-06 |  3 -0.02445 -1.16103e-05
  4  0.08702 -3.36494e-05 |  5 -0.15929 -4.04736e-06 |  6 -0.25551  1.22158e-06
  7 -0.27001  2.67505e-06 |  8 -0.18217 -1.79107e-06 |  9 -0.07630 -8.49888e-06
 10 -0.03307 -5.44948e-06 | 11  0.08546 -1.03559e-06 | 12  0.19114  2.43489e-06
 13 -0.11917  3.41911e-06 | 14  0.30274  8.37001e-06 | 15  0.02779  3.74702e-06
 16 -0.07433  1.95859e-06 | 17  0.24801 -4.08101e-06 | 18  0.21861  4.84291e-06
 19 -0.07516  3.65041e-06 | 20  0.13389  4.41583e-06 | 21  0.24699  9.07439e-06
 22 -0.06242  1.42133e-06 | 23  0.29664  2.83887e-06 | 24 -0.06861  3.45739e-06
 25  0.26533  2.68389e-06 | 26 -0.09869  1.63256e-06 | 27 -0.10458  2.79346e-06
 28 -0.10445  2.44300e-06 | 29 -0.10445  3.82352e-06 | 30 -0.10445  2.85900e-06
 31  0.00000  0.00000e+00 | 32  0.00000  0.00000e+00 | 33  0.00000  0.00000e+00
 34  0.00000  0.00000e+00 | 35  0.00000  0.00000e+00 | 36  0.65073  1.13452e-05
 37  0.53042  7.71710e-06 | 38  0.95947  3.04942e-07 | 39  0.31439 -7.48224e-07
 40  0.10809 -2.11024e-05 | 41 -0.49120  5.36148e-07 | 42  0.64657  9.72436e-07
 43  0.21231  1.49692e-05 | 44  0.08850 -5.74129e-08 | 45 -0.30457  6.54529e-06
 46 -0.65156 -4.49190e-06 |
  ic > imax  in fminim is answer attained ?
Var    Value     Gradient |Var    Value     Gradient |Var    Value     Gradient
  1 -0.35672 -2.87853e-04 |  2 -0.16035 -2.05943e-06 |  3 -0.02445 -1.16103e-05
  4  0.08702 -3.36494e-05 |  5 -0.15929 -4.04736e-06 |  6 -0.25551  1.22158e-06
  7 -0.27001  2.67505e-06 |  8 -0.18217 -1.79107e-06 |  9 -0.07630 -8.49888e-06
 10 -0.03307 -5.44948e-06 | 11  0.08546 -1.03559e-06 | 12  0.19114  2.43489e-06
 13 -0.11917  3.41911e-06 | 14  0.30274  8.37001e-06 | 15  0.02779  3.74702e-06
 16 -0.07433  1.95859e-06 | 17  0.24801 -4.08101e-06 | 18  0.21861  4.84291e-06
 19 -0.07516  3.65041e-06 | 20  0.13389  4.41583e-06 | 21  0.24699  9.07439e-06
 22 -0.06242  1.42133e-06 | 23  0.29664  2.83887e-06 | 24 -0.06861  3.45739e-06
 25  0.26533  2.68389e-06 | 26 -0.09869  1.63256e-06 | 27 -0.10458  2.79346e-06
 28 -0.10445  2.44300e-06 | 29 -0.10445  3.82352e-06 | 30 -0.10445  2.85900e-06
 31  0.00000  0.00000e+00 | 32  0.00000  0.00000e+00 | 33  0.00000  0.00000e+00
 34  0.00000  0.00000e+00 | 35  0.00000  0.00000e+00 | 36  0.65073  1.13452e-05
 37  0.53042  7.71710e-06 | 38  0.95947  3.04942e-07 | 39  0.31439 -7.48224e-07
 40  0.10809 -2.11024e-05 | 41 -0.49120  5.36148e-07 | 42  0.64657  9.72436e-07
 43  0.21231  1.49692e-05 | 44  0.08850 -5.74129e-08 | 45 -0.30457  6.54529e-06
 46 -0.65156 -4.49190e-06 |
Function minimizer not making progress ... is minimum attained?
Minimprove criterion = 0.0000e+00
Warning: the following parameters had issues
  Q_parm[3] is within 1% of upper bound: -1.5000e+01 < 1.4833e+00 < 1.5000e+00


 - final statistics:
46 variables; iteration 1; function evaluation 30
Function value 4.9328e+02; maximum gradient component mag -2.8785e-04
Exit code = 1;  converg criter 1.0000e-04
Var    Value     Gradient |Var    Value     Gradient |Var    Value     Gradient
  1 -0.35672 -2.87853e-04 |  2 -0.16035 -2.05943e-06 |  3 -0.02445 -1.16103e-05
  4  0.08702 -3.36494e-05 |  5 -0.15929 -4.04736e-06 |  6 -0.25551  1.22158e-06
  7 -0.27001  2.67505e-06 |  8 -0.18217 -1.79107e-06 |  9 -0.07630 -8.49888e-06
 10 -0.03307 -5.44948e-06 | 11  0.08546 -1.03559e-06 | 12  0.19114  2.43489e-06
 13 -0.11917  3.41911e-06 | 14  0.30274  8.37001e-06 | 15  0.02779  3.74702e-06
 16 -0.07433  1.95859e-06 | 17  0.24801 -4.08101e-06 | 18  0.21861  4.84291e-06
 19 -0.07516  3.65041e-06 | 20  0.13389  4.41583e-06 | 21  0.24699  9.07439e-06
 22 -0.06242  1.42133e-06 | 23  0.29664  2.83887e-06 | 24 -0.06861  3.45739e-06
 25  0.26533  2.68389e-06 | 26 -0.09869  1.63256e-06 | 27 -0.10458  2.79346e-06
 28 -0.10445  2.44300e-06 | 29 -0.10445  3.82352e-06 | 30 -0.10445  2.85900e-06
 31  0.00000  0.00000e+00 | 32  0.00000  0.00000e+00 | 33  0.00000  0.00000e+00
 34  0.00000  0.00000e+00 | 35  0.00000  0.00000e+00 | 36  0.65073  1.13452e-05
 37  0.53042  7.71710e-06 | 38  0.95947  3.04942e-07 | 39  0.31439 -7.48224e-07
 40  0.10809 -2.11024e-05 | 41 -0.49120  5.36148e-07 | 42  0.64657  9.72436e-07
 43  0.21231  1.49692e-05 | 44  0.08850 -5.74129e-08 | 45 -0.30457  6.54529e-06
 46 -0.65156 -4.49190e-06 |
Estimating row 1 out of 46 for hessian
Estimating row 2 out of 46 for hessian
Estimating row 3 out of 46 for hessian
Estimating row 4 out of 46 for hessian
Estimating row 5 out of 46 for hessian
Estimating row 6 out of 46 for hessian
Estimating row 7 out of 46 for hessian
Estimating row 8 out of 46 for hessian
Estimating row 9 out of 46 for hessian
Estimating row 10 out of 46 for hessian
Estimating row 11 out of 46 for hessian
Estimating row 12 out of 46 for hessian
Estimating row 13 out of 46 for hessian
Estimating row 14 out of 46 for hessian
Estimating row 15 out of 46 for hessian
Estimating row 16 out of 46 for hessian
Estimating row 17 out of 46 for hessian
Estimating row 18 out of 46 for hessian
Estimating row 19 out of 46 for hessian
Estimating row 20 out of 46 for hessian
Estimating row 21 out of 46 for hessian
Estimating row 22 out of 46 for hessian
Estimating row 23 out of 46 for hessian
Estimating row 24 out of 46 for hessian
Estimating row 25 out of 46 for hessian
Estimating row 26 out of 46 for hessian
Estimating row 27 out of 46 for hessian
Estimating row 28 out of 46 for hessian
Estimating row 29 out of 46 for hessian
Estimating row 30 out of 46 for hessian
Estimating row 31 out of 46 for hessian
Estimating row 32 out of 46 for hessian
Estimating row 33 out of 46 for hessian
Estimating row 34 out of 46 for hessian
Estimating row 35 out of 46 for hessian
Estimating row 36 out of 46 for hessian
Estimating row 37 out of 46 for hessian
Estimating row 38 out of 46 for hessian
Estimating row 39 out of 46 for hessian
Estimating row 40 out of 46 for hessian
Estimating row 41 out of 46 for hessian
Estimating row 42 out of 46 for hessian
Estimating row 43 out of 46 for hessian
Estimating row 44 out of 46 for hessian
Estimating row 45 out of 46 for hessian
Estimating row 46 out of 46 for hessian
size of file gradfil1.tmp = 0
size of file gradfil2.tmp = 0
size of file varssave.tmp = 0
size of file cmpdiff.tmp = 0
